<?xml version="1.0" encoding="UTF-8"?>
<!-- Generated by org.testng.reporters.JUnitReportReporter -->
<testsuite hostname="DESKTOP-OLURB0I" failures="0" tests="3" name="tests.HomePageTests" time="85.034" errors="0" timestamp="2022-09-29T23:33:51 IST" skipped="0">
  <testcase classname="tests.HomePageTests" name="verifyReactHomePageTitle" time="59.519"/>
  <system-out/>
  <testcase classname="tests.HomePageTests" name="verifyReactHomePageTitle" time="8.810"/>
  <system-out/>
  <testcase classname="tests.HomePageTests" name="verifyReactHomePageTitle" time="16.705"/>
  <system-out/>
</testsuite> <!-- tests.HomePageTests -->
