<?xml version="1.0" encoding="UTF-8"?>
<!-- Generated by org.testng.reporters.JUnitReportReporter -->
<testsuite skipped="0" hostname="DESKTOP-OLURB0I" name="tests.HomePageTests" tests="1" failures="0" timestamp="2022-09-28T17:41:58 IST" time="22.639" errors="0">
  <testcase name="verifyReactHomePageTitle" time="22.639" classname="tests.HomePageTests"/>
  <system-out/>
</testsuite> <!-- tests.HomePageTests -->
